#
# There is insufficient memory for the Java Runtime Environment to continue.
# Native memory allocation (mmap) failed to map 268435456 bytes for G1 virtual space
# Possible reasons:
#   The system is out of physical RAM or swap space
#   The process is running with CompressedOops enabled, and the Java Heap may be blocking the growth of the native heap
# Possible solutions:
#   Reduce memory load on the system
#   Increase physical memory or swap space
#   Check if swap backing store is full
#   Decrease Java heap size (-Xmx/-Xms)
#   Decrease number of Java threads
#   Decrease Java thread stack sizes (-Xss)
#   Set larger code cache with -XX:ReservedCodeCacheSize=
#   JVM is running with Zero Based Compressed Oops mode in which the Java heap is
#     placed in the first 32GB address space. The Java Heap base address is the
#     maximum limit for the native heap growth. Please use -XX:HeapBaseMinAddress
#     to set the Java Heap base and to place the Java Heap above 32GB virtual address.
# This output file may be truncated or incomplete.
#
#  Out of Memory Error (./open/src/hotspot/os/windows/os_windows.cpp:3321), pid=13536, tid=14104
#
# JRE version:  (15.0.2+7) (build )
# Java VM: OpenJDK 64-Bit Server VM (15.0.2+7-27, mixed mode, sharing, tiered, compressed oops, g1 gc, windows-amd64)
# No core dump will be written. Minidumps are not enabled by default on client versions of Windows
#

---------------  S U M M A R Y ------------

Command Line: -Dcom.sun.management.jmxremote -Dcom.sun.management.jmxremote.port=64101 -Dcom.sun.management.jmxremote.authenticate=false -Dcom.sun.management.jmxremote.ssl=false -Djava.rmi.server.hostname=localhost -Dspring.jmx.enabled=true -Dspring.application.admin.enabled=true -XX:TieredStopAtLevel=1 -Dspring.boot.project.name=demo-1 -Dfile.encoding=UTF-8 -XX:+ShowCodeDetailsInExceptionMessages com.example.demo.Demo1Application --spring.output.ansi.enabled=always

Host: AMD Ryzen 5 1600X Six-Core Processor           , 12 cores, 15G,  Windows 10 , 64 bit Build 19041 (10.0.19041.662)
Time: Sat Mar 27 14:32:14 2021 Hora estándar, América Central elapsed time: 0.033245 seconds (0d 0h 0m 0s)

---------------  T H R E A D  ---------------

Current thread (0x000002da55ed91d0):  JavaThread "Unknown thread" [_thread_in_vm, id=14104, stack(0x000000e1fa400000,0x000000e1fa500000)]

Stack: [0x000000e1fa400000,0x000000e1fa500000]
Native frames: (J=compiled Java code, j=interpreted, Vv=VM code, C=native code)
V  [jvm.dll+0x62ae9a]
V  [jvm.dll+0x7817a9]
V  [jvm.dll+0x782f03]
V  [jvm.dll+0x783563]
V  [jvm.dll+0x216325]
V  [jvm.dll+0x6281d9]
V  [jvm.dll+0x61cf55]
V  [jvm.dll+0x2cffdd]
V  [jvm.dll+0x2cfe42]
V  [jvm.dll+0x2d5e1c]
V  [jvm.dll+0x32590a]
V  [jvm.dll+0x324fd4]
V  [jvm.dll+0x2a6f5a]
V  [jvm.dll+0x2a80f8]
V  [jvm.dll+0x75e241]
V  [jvm.dll+0x3341c4]
V  [jvm.dll+0x73e926]
V  [jvm.dll+0x3b7557]
V  [jvm.dll+0x3b8fe1]
C  [jli.dll+0x52fb]
C  [ucrtbase.dll+0x214c2]
C  [KERNEL32.DLL+0x17034]
C  [ntdll.dll+0x4d0d1]


---------------  P R O C E S S  ---------------

Threads class SMR info:
_java_thread_list=0x00007ffef2c64ff0, length=0, elements={
}

Java Threads: ( => current thread )

Other Threads:
  0x000002da55f2bb70 GCTaskThread "GC Thread#0" [stack: 0x000000e1fa500000,0x000000e1fa600000] [id=9552]
  0x000002da55f3d4e0 ConcurrentGCThread "G1 Main Marker" [stack: 0x000000e1fa600000,0x000000e1fa700000] [id=21556]
  0x000002da55f3e150 ConcurrentGCThread "G1 Conc#0" [stack: 0x000000e1fa700000,0x000000e1fa800000] [id=24044]

[error occurred during error reporting (printing all threads), id 0xc0000005, EXCEPTION_ACCESS_VIOLATION (0xc0000005) at pc=0x00007ffef2457e27]

VM state: not at safepoint (not fully initialized)

VM Mutex/Monitor currently owned by a thread:  ([mutex/lock_event])
[0x000002da55ed49b0] Heap_lock - owner thread: 0x000002da55ed91d0

Heap address: 0x0000000701000000, size: 4080 MB, Compressed Oops mode: Zero based, Oop shift amount: 3
CDS archive(s) mapped at: [0x0000000000000000-0x0000000000000000-0x0000000000000000), size 0, SharedBaseAddress: 0x0000000800000000, ArchiveRelocationMode: 0.
Narrow klass base: 0x0000000000000000, Narrow klass shift: 0, Narrow klass range: 0x0

Heap:
 garbage-first heap   total 262144K, used 0K [0x0000000701000000, 0x0000000800000000)
  region size 2048K, 0 young (0K), 0 survivors (0K)
 Metaspace       used 0K, capacity 0K, committed 0K, reserved 0K
  class space    used 0K, capacity 0K, committed 0K, reserved 0K

Heap Regions: E=young(eden), S=young(survivor), O=old, HS=humongous(starts), HC=humongous(continues), CS=collection set, F=free, OA=open archive, CA=closed archive, TAMS=top-at-mark-start (previous, next)

Card table byte_map: [0x000002da69640000,0x000002da69e40000] _byte_map_base: 0x000002da65e38000

Marking Bits (Prev, Next): (CMBitMap*) 0x000002da55f2c3e0, (CMBitMap*) 0x000002da55f2c420
 Prev Bits: [0x000002da6a640000, 0x000002da6e600000)
 Next Bits: [0x000002da6e600000, 0x000002da725c0000)

GC Heap History (0 events):
No events

Deoptimization events (0 events):
No events

Classes unloaded (0 events):
No events

Classes redefined (0 events):
No events

Internal exceptions (0 events):
No events

Events (1 events):
Event: 0.020 Loaded shared library C:\Users\danil\Downloads\sts-4.10.0.RELEASE\plugins\org.eclipse.justj.openjdk.hotspot.jre.full.win32.x86_64_15.0.2.v20210201-0955\jre\bin\java.dll


Dynamic libraries:
0x00007ff60c0f0000 - 0x00007ff60c0fd000 	C:\Users\danil\Downloads\sts-4.10.0.RELEASE\plugins\org.eclipse.justj.openjdk.hotspot.jre.full.win32.x86_64_15.0.2.v20210201-0955\jre\bin\javaw.exe
0x00007fff36610000 - 0x00007fff36806000 	C:\WINDOWS\SYSTEM32\ntdll.dll
0x00007fff34ba0000 - 0x00007fff34c5d000 	C:\WINDOWS\System32\KERNEL32.DLL
0x00007fff343a0000 - 0x00007fff34669000 	C:\WINDOWS\System32\KERNELBASE.dll
0x00007fff342a0000 - 0x00007fff343a0000 	C:\WINDOWS\System32\ucrtbase.dll
0x00007fff03390000 - 0x00007fff033a8000 	C:\Users\danil\Downloads\sts-4.10.0.RELEASE\plugins\org.eclipse.justj.openjdk.hotspot.jre.full.win32.x86_64_15.0.2.v20210201-0955\jre\bin\jli.dll
0x00007fff34e00000 - 0x00007fff34fa0000 	C:\WINDOWS\System32\USER32.dll
0x00007fff33d50000 - 0x00007fff33d72000 	C:\WINDOWS\System32\win32u.dll
0x00007fff34860000 - 0x00007fff3488a000 	C:\WINDOWS\System32\GDI32.dll
0x00007fff33f90000 - 0x00007fff34099000 	C:\WINDOWS\System32\gdi32full.dll
0x00007fff340a0000 - 0x00007fff3413d000 	C:\WINDOWS\System32\msvcp_win.dll
0x00007fff05270000 - 0x00007fff05289000 	C:\Users\danil\Downloads\sts-4.10.0.RELEASE\plugins\org.eclipse.justj.openjdk.hotspot.jre.full.win32.x86_64_15.0.2.v20210201-0955\jre\bin\VCRUNTIME140.dll
0x00007fff20080000 - 0x00007fff2031b000 	C:\WINDOWS\WinSxS\amd64_microsoft.windows.common-controls_6595b64144ccf1df_6.0.19041.488_none_ca04af081b815d21\COMCTL32.dll
0x00007fff34a40000 - 0x00007fff34ade000 	C:\WINDOWS\System32\msvcrt.dll
0x00007fff34b70000 - 0x00007fff34ba0000 	C:\WINDOWS\System32\IMM32.DLL
0x00007fff052b0000 - 0x00007fff052bc000 	C:\Users\danil\Downloads\sts-4.10.0.RELEASE\plugins\org.eclipse.justj.openjdk.hotspot.jre.full.win32.x86_64_15.0.2.v20210201-0955\jre\bin\vcruntime140_1.dll
0x00007ffef2100000 - 0x00007ffef2191000 	C:\Users\danil\Downloads\sts-4.10.0.RELEASE\plugins\org.eclipse.justj.openjdk.hotspot.jre.full.win32.x86_64_15.0.2.v20210201-0955\jre\bin\msvcp140.dll
0x00007ffef21a0000 - 0x00007ffef2cfe000 	C:\Users\danil\Downloads\sts-4.10.0.RELEASE\plugins\org.eclipse.justj.openjdk.hotspot.jre.full.win32.x86_64_15.0.2.v20210201-0955\jre\bin\server\jvm.dll
0x00007fff350b0000 - 0x00007fff3515c000 	C:\WINDOWS\System32\ADVAPI32.dll
0x00007fff34fa0000 - 0x00007fff3503c000 	C:\WINDOWS\System32\sechost.dll
0x00007fff36430000 - 0x00007fff3655b000 	C:\WINDOWS\System32\RPCRT4.dll
0x00007fff36420000 - 0x00007fff36428000 	C:\WINDOWS\System32\PSAPI.DLL
0x00007fff2a450000 - 0x00007fff2a459000 	C:\WINDOWS\SYSTEM32\WSOCK32.dll
0x00007fff36560000 - 0x00007fff365cb000 	C:\WINDOWS\System32\WS2_32.dll
0x00007fff256c0000 - 0x00007fff256e7000 	C:\WINDOWS\SYSTEM32\WINMM.dll
0x00007fff2e040000 - 0x00007fff2e04a000 	C:\WINDOWS\SYSTEM32\VERSION.dll
0x00007fff31c80000 - 0x00007fff31c92000 	C:\WINDOWS\SYSTEM32\kernel.appcore.dll
0x00007fff2a480000 - 0x00007fff2a48a000 	C:\Users\danil\Downloads\sts-4.10.0.RELEASE\plugins\org.eclipse.justj.openjdk.hotspot.jre.full.win32.x86_64_15.0.2.v20210201-0955\jre\bin\jimage.dll
0x00007fff1c610000 - 0x00007fff1c7f4000 	C:\WINDOWS\SYSTEM32\DBGHELP.DLL
0x00007fff1c220000 - 0x00007fff1c24c000 	C:\WINDOWS\SYSTEM32\dbgcore.DLL
0x00007fff34220000 - 0x00007fff342a0000 	C:\WINDOWS\System32\bcryptPrimitives.dll
0x00007fff09120000 - 0x00007fff09145000 	C:\Users\danil\Downloads\sts-4.10.0.RELEASE\plugins\org.eclipse.justj.openjdk.hotspot.jre.full.win32.x86_64_15.0.2.v20210201-0955\jre\bin\java.dll

dbghelp: loaded successfully - version: 4.0.5 - missing functions: none
symbol engine: initialized successfully - sym options: 0x614 - pdb path: .;C:\Users\danil\Downloads\sts-4.10.0.RELEASE\plugins\org.eclipse.justj.openjdk.hotspot.jre.full.win32.x86_64_15.0.2.v20210201-0955\jre\bin;C:\WINDOWS\SYSTEM32;C:\WINDOWS\WinSxS\amd64_microsoft.windows.common-controls_6595b64144ccf1df_6.0.19041.488_none_ca04af081b815d21;C:\Users\danil\Downloads\sts-4.10.0.RELEASE\plugins\org.eclipse.justj.openjdk.hotspot.jre.full.win32.x86_64_15.0.2.v20210201-0955\jre\bin\server

VM Arguments:
jvm_args: -Dcom.sun.management.jmxremote -Dcom.sun.management.jmxremote.port=64101 -Dcom.sun.management.jmxremote.authenticate=false -Dcom.sun.management.jmxremote.ssl=false -Djava.rmi.server.hostname=localhost -Dspring.jmx.enabled=true -Dspring.application.admin.enabled=true -XX:TieredStopAtLevel=1 -Dspring.boot.project.name=demo-1 -Dfile.encoding=UTF-8 -XX:+ShowCodeDetailsInExceptionMessages 
java_command: com.example.demo.Demo1Application --spring.output.ansi.enabled=always
java_class_path (initial): C:\Users\danil\Documents\workspace-spring-tool-suite-4-4.10.0.RELEASE\demo-1\target\classes;C:\Users\danil\.m2\repository\org\springframework\boot\spring-boot-starter-web\2.4.4\spring-boot-starter-web-2.4.4.jar;C:\Users\danil\.m2\repository\org\springframework\boot\spring-boot-starter\2.4.4\spring-boot-starter-2.4.4.jar;C:\Users\danil\.m2\repository\org\springframework\boot\spring-boot\2.4.4\spring-boot-2.4.4.jar;C:\Users\danil\.m2\repository\org\springframework\boot\spring-boot-autoconfigure\2.4.4\spring-boot-autoconfigure-2.4.4.jar;C:\Users\danil\.m2\repository\org\springframework\boot\spring-boot-starter-logging\2.4.4\spring-boot-starter-logging-2.4.4.jar;C:\Users\danil\.m2\repository\ch\qos\logback\logback-classic\1.2.3\logback-classic-1.2.3.jar;C:\Users\danil\.m2\repository\ch\qos\logback\logback-core\1.2.3\logback-core-1.2.3.jar;C:\Users\danil\.m2\repository\org\apache\logging\log4j\log4j-to-slf4j\2.13.3\log4j-to-slf4j-2.13.3.jar;C:\Users\danil\.m2\repository\org\apache\logging\log4j\log4j-api\2.13.3\log4j-api-2.13.3.jar;C:\Users\danil\.m2\repository\org\slf4j\jul-to-slf4j\1.7.30\jul-to-slf4j-1.7.30.jar;C:\Users\danil\.m2\repository\jakarta\annotation\jakarta.annotation-api\1.3.5\jakarta.annotation-api-1.3.5.jar;C:\Users\danil\.m2\repository\org\yaml\snakeyaml\1.27\snakeyaml-1.27.jar;C:\Users\danil\.m2\repository\org\springframework\boot\spring-boot-starter-json\2.4.4\spring-boot-starter-json-2.4.4.jar;C:\Users\danil\.m2\repository\com\fasterxml\jackson\core\jackson-databind\2.11.4\jackson-databind-2.11.4.jar;C:\Users\danil\.m2\repository\com\fasterxml\jackson\core\jackson-annotations\2.11.4\jackson-annotations-2.11.4.jar;C:\Users\danil\.m2\repository\com\fasterxml\jackson\core\jackson-core\2.11.4\jackson-core-2.11.4.jar;C:\Users\danil\.m2\repository\com\fasterxml\jackson\datatype\jackson-datatype-jdk8\2.11.4\jackson-datatype-jdk8-2.11.4.jar;C:\Users\danil\.m2\repository\com\fasterxml\jackson\datatype\jackson-datatype-jsr310\2.11.4
Launcher Type: SUN_STANDARD

[Global flags]
     intx CICompilerCount                          = 4                                         {product} {ergonomic}
     uint ConcGCThreads                            = 3                                         {product} {ergonomic}
     uint G1ConcRefinementThreads                  = 10                                        {product} {ergonomic}
   size_t G1HeapRegionSize                         = 2097152                                   {product} {ergonomic}
    uintx GCDrainStackTargetSize                   = 64                                        {product} {ergonomic}
   size_t InitialHeapSize                          = 268435456                                 {product} {ergonomic}
     bool ManagementServer                         = true                                      {product} {command line}
   size_t MarkStackSize                            = 4194304                                   {product} {ergonomic}
   size_t MaxHeapSize                              = 4278190080                                {product} {ergonomic}
   size_t MinHeapDeltaBytes                        = 2097152                                   {product} {ergonomic}
   size_t MinHeapSize                              = 8388608                                   {product} {ergonomic}
    uintx NonNMethodCodeHeapSize                   = 7549744                                {pd product} {ergonomic}
    uintx NonProfiledCodeHeapSize                  = 244108496                              {pd product} {ergonomic}
    uintx ProfiledCodeHeapSize                     = 0                                      {pd product} {ergonomic}
    uintx ReservedCodeCacheSize                    = 251658240                              {pd product} {ergonomic}
     bool SegmentedCodeCache                       = true                                      {product} {ergonomic}
     bool ShowCodeDetailsInExceptionMessages       = true                                   {manageable} {command line}
   size_t SoftMaxHeapSize                          = 4278190080                             {manageable} {ergonomic}
     intx TieredStopAtLevel                        = 1                                         {product} {command line}
     bool UseCompressedClassPointers               = true                                 {lp64_product} {ergonomic}
     bool UseCompressedOops                        = true                                 {lp64_product} {ergonomic}
     bool UseG1GC                                  = true                                      {product} {ergonomic}
     bool UseLargePagesIndividualAllocation        = false                                  {pd product} {ergonomic}

Logging:
Log output configuration:
 #0: stdout all=warning uptime,level,tags
 #1: stderr all=off uptime,level,tags

Environment Variables:
JAVA_HOME=C:\Program Files\AdoptOpenJDK\jdk-11.0.6.10-hotspot
PATH=C:/Users/danil/Downloads/sts-4.10.0.RELEASE//plugins/org.eclipse.justj.openjdk.hotspot.jre.full.win32.x86_64_15.0.2.v20210201-0955/jre/bin/server;C:/Users/danil/Downloads/sts-4.10.0.RELEASE//plugins/org.eclipse.justj.openjdk.hotspot.jre.full.win32.x86_64_15.0.2.v20210201-0955/jre/bin;C:\Program Files (x86)\Razer\ChromaBroadcast\bin;C:\Program Files\Razer\ChromaBroadcast\bin;C:\Program Files (x86)\Common Files\Oracle\Java\javapath;C:\Program Files\AdoptOpenJDK\jdk-14.0.1.7-hotspot\bin;C:\Program Files\AdoptOpenJDK\jdk-11.0.6.10-hotspot\bin;C:\Program Files\AdoptOpenJDK\jdk-8.0.242.08-hotspot\bin;C:\ProgramData\Oracle\Java\javapath;C:\Program Files (x86)\Razer Chroma SDK\bin;C:\Program Files\Razer Chroma SDK\bin;C:\Windows\system32;C:\Windows;C:\Windows\System32\Wbem;C:\Windows\System32\WindowsPowerShell\v1.0\;C:\Windows\System32\OpenSSH\;C:\Users\danil\AppData\Local\Microsoft\WindowsApps;C:\Program Files (x86)\NVIDIA Corporation\PhysX\Common;C:\Program Files (x86)\Calibre2\;C:\Program Files\dotnet\;C:\Program Files\Microsoft SQL Server\Client SDK\ODBC\170\Tools\Binn\;C:\Program Files (x86)\Microsoft SQL Server\150\Tools\Binn\;C:\Program Files\Microsoft SQL Server\150\Tools\Binn\;C:\Program Files\Microsoft SQL Server\150\DTS\Binn\;C:\Program Files (x86)\Windows Live\Shared;C:\Program Files\Microsoft SQL Server\130\Tools\Binn\;C:\Program Files\Git\cmd;C:\Program Files (x86)\dotnet\;C:\Users\danil\AppData\Local\Programs\Microsoft VS Code\bin;C:\Users\danil\AppData\Local\GitHubDesktop\bin;C:\WINDOWS\system32;C:\WINDOWS;C:\WINDOWS\System32\Wbem;C:\WINDOWS\System32\WindowsPowerShell\v1.0\;C:\WINDOWS\System32\OpenSSH\;C:\Program Files\NVIDIA Corporation\NVIDIA NvDLISR;%JAVA_HOME%\bin;C:\Program Files (x86)\apache-maven-3.6.3\bin;C:\Users\danil\AppData\Local\Microsoft\WindowsApps;C:\Users\danil\AppData\Local\Programs\Microsoft VS Code\bin;C:\Users\danil\AppData\Local\GitHubDesktop\bin;C:\Users\danil\.dotnet\tools;C:\Users\danil\AppData\Local\Microsoft\WindowsApps;%MAVEN%\b
USERNAME=danil
OS=Windows_NT
PROCESSOR_IDENTIFIER=AMD64 Family 23 Model 1 Stepping 1, AuthenticAMD



---------------  S Y S T E M  ---------------

OS:
 Windows 10 , 64 bit Build 19041 (10.0.19041.662)
OS uptime: 1 days 1:32 hours
HyperV virtualization detected

CPU: total 12 (initial active 12) (12 cores per cpu, 2 threads per core) family 23 model 1 stepping 1 microcode 0x0, cmov, cx8, fxsr, mmx, sse, sse2, sse3, ssse3, sse4.1, sse4.2, popcnt, vzeroupper, avx, avx2, aes, clmul, 3dnowpref, lzcnt, sse4a, ht, tsc, tscinvbit, tscinv, bmi1, bmi2, adx, sha, fma, clflush, clflushopt

Memory: 4k page, system-wide physical 16317M (4150M free)
TotalPageFile size 26317M (AvailPageFile size 184M)
current process WorkingSet (physical memory assigned to process): 10M, peak: 10M
current process commit charge ("private bytes"): 61M, peak: 317M

vm_info: OpenJDK 64-Bit Server VM (15.0.2+7-27) for windows-amd64 JRE (15.0.2+7-27), built on Dec  7 2020 20:02:38 by "mach5one" with unknown MS VC++:1925

END.
